Microsoft (R) Macro Assembler Version 14.37.32822.0	    12/04/24 19:50:46
asm2.asm						     Page 1 - 1


				.586
				.MODEL flat, stdcall
				includelib kernel32.lib
				ExitProcess PROTO :DWORD
				MessageBoxA PROTO, : DWORD, : DWORD, : DWORD, : DWORD

				.stack 4096

 00000000			.const 
 00000000 00000001		button DD 1

 00000000			.data
 00000000 00000000		HW DD 0
 00000004 CE EA ED EE 00	window BYTE "ŒÍÌÓ", 0
 00000009 D1 F3 EC EC E0	string BYTE "—ÛÏÏ‡:   ", 0
	   3A 20 20 20 00
 00000013 04			num1 byte 4
 00000014 03			num2 byte 3

 00000000			.code
 00000000			main Proc
 00000000			START:
 00000000  A0 00000013 R	mov AL, num1
 00000005  02 05 00000014 R	add AL, num2
 0000000B  04 30		add AL, '0'
 0000000D  BE 00000009 R	mov ESI, offset string
 00000012  88 46 07		mov [ESI + 7], AL

				INVOKE MessageBoxA, HW, offset string, offset window, button
				INVOKE ExitProcess, 0
 00000037			main ENDP
				end main





Microsoft (R) Macro Assembler Version 14.37.32822.0	    12/04/24 19:50:46
asm2.asm						     Symbols 2 - 1




Segments and Groups:

                N a m e                 Size     Length   Align   Combine Class

CONST  . . . . . . . . . . . . .	32 Bit	 00000004 Para	  Public  'CONST'	 ReadOnly
FLAT . . . . . . . . . . . . . .	GROUP
STACK  . . . . . . . . . . . . .	32 Bit	 00001000 Para	  Stack	  'STACK'	 
_DATA  . . . . . . . . . . . . .	32 Bit	 00000015 Para	  Public  'DATA'	
_TEXT  . . . . . . . . . . . . .	32 Bit	 00000037 Para	  Public  'CODE'	


Procedures, parameters, and locals:

                N a m e                 Type     Value    Attr

ExitProcess  . . . . . . . . . .	P Near	 00000000 FLAT	Length= 00000000 External STDCALL
MessageBoxA  . . . . . . . . . .	P Near	 00000000 FLAT	Length= 00000000 External STDCALL
main . . . . . . . . . . . . . .	P Near	 00000000 _TEXT	Length= 00000037 Public STDCALL
  START  . . . . . . . . . . . .	L Near	 00000000 _TEXT	


Symbols:

                N a m e                 Type     Value    Attr

@CodeSize  . . . . . . . . . . .	Number	 00000000h   
@DataSize  . . . . . . . . . . .	Number	 00000000h   
@Interface . . . . . . . . . . .	Number	 00000003h   
@Model . . . . . . . . . . . . .	Number	 00000007h   
@code  . . . . . . . . . . . . .	Text   	 _TEXT
@data  . . . . . . . . . . . . .	Text   	 FLAT
@fardata?  . . . . . . . . . . .	Text   	 FLAT
@fardata . . . . . . . . . . . .	Text   	 FLAT
@stack . . . . . . . . . . . . .	Text   	 FLAT
HW . . . . . . . . . . . . . . .	DWord	 00000000 _DATA	
button . . . . . . . . . . . . .	DWord	 00000000 CONST	
num1 . . . . . . . . . . . . . .	Byte	 00000013 _DATA	
num2 . . . . . . . . . . . . . .	Byte	 00000014 _DATA	
string . . . . . . . . . . . . .	Byte	 00000009 _DATA	
window . . . . . . . . . . . . .	Byte	 00000004 _DATA	

	   0 Warnings
	   0 Errors
